[2022-03-11 19:50:12] local.ERROR: Please provide a valid cache path. {"exception":"[object] (InvalidArgumentException(code: 0): Please provide a valid cache path. at /home/parfi7zhy/Bureau/Double/oeildumandoul/oeildumandoul/oeildumandoul/vendor/laravel/framework/src/Illuminate/View/Compilers/Compiler.php:36)
[stacktrace]
#0 /home/parfi7zhy/Bureau/Double/oeildumandoul/oeildumandoul/oeildumandoul/vendor/laravel/framework/src/Illuminate/View/ViewServiceProvider.php(88): Illuminate\\View\\Compilers\\Compiler->__construct()
#1 /home/parfi7zhy/Bureau/Double/oeildumandoul/oeildumandoul/oeildumandoul/vendor/laravel/framework/src/Illuminate/Container/Container.php(873): Illuminate\\View\\ViewServiceProvider->Illuminate\\View\\{closure}()
#2 /home/parfi7zhy/Bureau/Double/oeildumandoul/oeildumandoul/oeildumandoul/vendor/laravel/framework/src/Illuminate/Container/Container.php(758): Illuminate\\Container\\Container->build()
#3 /home/parfi7zhy/Bureau/Double/oeildumandoul/oeildumandoul/oeildumandoul/vendor/laravel/framework/src/Illuminate/Foundation/Application.php(841): Illuminate\\Container\\Container->resolve()
#4 /home/parfi7zhy/Bureau/Double/oeildumandoul/oeildumandoul/oeildumandoul/vendor/laravel/framework/src/Illuminate/Container/Container.php(694): Illuminate\\Foundation\\Application->resolve()
#5 /home/parfi7zhy/Bureau/Double/oeildumandoul/oeildumandoul/oeildumandoul/vendor/laravel/framework/src/Illuminate/Foundation/Application.php(826): Illuminate\\Container\\Container->make()
#6 /home/parfi7zhy/Bureau/Double/oeildumandoul/oeildumandoul/oeildumandoul/vendor/laravel/framework/src/Illuminate/Container/Container.php(1423): Illuminate\\Foundation\\Application->make()
#7 /home/parfi7zhy/Bureau/Double/oeildumandoul/oeildumandoul/oeildumandoul/vendor/laravel/framework/src/Illuminate/View/ViewServiceProvider.php(150): Illuminate\\Container\\Container->offsetGet()
#8 [internal function]: Illuminate\\View\\ViewServiceProvider->Illuminate\\View\\{closure}()
#9 /home/parfi7zhy/Bureau/Double/oeildumandoul/oeildumandoul/oeildumandoul/vendor/laravel/framework/src/Illuminate/View/Engines/EngineResolver.php(55): call_user_func()
#10 /home/parfi7zhy/Bureau/Double/oeildumandoul/oeildumandoul/oeildumandoul/vendor/facade/ignition/src/IgnitionServiceProvider.php(461): Illuminate\\View\\Engines\\EngineResolver->resolve()
#11 /home/parfi7zhy/Bureau/Double/oeildumandoul/oeildumandoul/oeildumandoul/vendor/facade/ignition/src/IgnitionServiceProvider.php(155): Facade\\Ignition\\IgnitionServiceProvider->hasCustomViewEnginesRegistered()
#12 /home/parfi7zhy/Bureau/Double/oeildumandoul/oeildumandoul/oeildumandoul/vendor/facade/ignition/src/IgnitionServiceProvider.php(98): Facade\\Ignition\\IgnitionServiceProvider->registerViewEngines()
#13 /home/parfi7zhy/Bureau/Double/oeildumandoul/oeildumandoul/oeildumandoul/vendor/laravel/framework/src/Illuminate/Container/BoundMethod.php(36): Facade\\Ignition\\IgnitionServiceProvider->boot()
#14 /home/parfi7zhy/Bureau/Double/oeildumandoul/oeildumandoul/oeildumandoul/vendor/laravel/framework/src/Illuminate/Container/Util.php(40): Illuminate\\Container\\BoundMethod::Illuminate\\Container\\{closure}()
#15 /home/parfi7zhy/Bureau/Double/oeildumandoul/oeildumandoul/oeildumandoul/vendor/laravel/framework/src/Illuminate/Container/BoundMethod.php(93): Illuminate\\Container\\Util::unwrapIfClosure()
#16 /home/parfi7zhy/Bureau/Double/oeildumandoul/oeildumandoul/oeildumandoul/vendor/laravel/framework/src/Illuminate/Container/BoundMethod.php(37): Illuminate\\Container\\BoundMethod::callBoundMethod()
#17 /home/parfi7zhy/Bureau/Double/oeildumandoul/oeildumandoul/oeildumandoul/vendor/laravel/framework/src/Illuminate/Container/Container.php(653): Illuminate\\Container\\BoundMethod::call()
#18 /home/parfi7zhy/Bureau/Double/oeildumandoul/oeildumandoul/oeildumandoul/vendor/laravel/framework/src/Illuminate/Foundation/Application.php(914): Illuminate\\Container\\Container->call()
#19 /home/parfi7zhy/Bureau/Double/oeildumandoul/oeildumandoul/oeildumandoul/vendor/laravel/framework/src/Illuminate/Foundation/Application.php(895): Illuminate\\Foundation\\Application->bootProvider()
#20 [internal function]: Illuminate\\Foundation\\Application->Illuminate\\Foundation\\{closure}()
#21 /home/parfi7zhy/Bureau/Double/oeildumandoul/oeildumandoul/oeildumandoul/vendor/laravel/framework/src/Illuminate/Foundation/Application.php(896): array_walk()
#22 /home/parfi7zhy/Bureau/Double/oeildumandoul/oeildumandoul/oeildumandoul/vendor/laravel/framework/src/Illuminate/Foundation/Bootstrap/BootProviders.php(17): Illuminate\\Foundation\\Application->boot()
#23 /home/parfi7zhy/Bureau/Double/oeildumandoul/oeildumandoul/oeildumandoul/vendor/laravel/framework/src/Illuminate/Foundation/Application.php(237): Illuminate\\Foundation\\Bootstrap\\BootProviders->bootstrap()
#24 /home/parfi7zhy/Bureau/Double/oeildumandoul/oeildumandoul/oeildumandoul/vendor/laravel/framework/src/Illuminate/Foundation/Http/Kernel.php(152): Illuminate\\Foundation\\Application->bootstrapWith()
#25 /home/parfi7zhy/Bureau/Double/oeildumandoul/oeildumandoul/oeildumandoul/vendor/laravel/framework/src/Illuminate/Foundation/Http/Kernel.php(136): Illuminate\\Foundation\\Http\\Kernel->bootstrap()
#26 /home/parfi7zhy/Bureau/Double/oeildumandoul/oeildumandoul/oeildumandoul/vendor/laravel/framework/src/Illuminate/Foundation/Http/Kernel.php(110): Illuminate\\Foundation\\Http\\Kernel->sendRequestThroughRouter()
#27 /home/parfi7zhy/Bureau/Double/oeildumandoul/oeildumandoul/oeildumandoul/public/index.php(52): Illuminate\\Foundation\\Http\\Kernel->handle()
#28 /home/parfi7zhy/Bureau/Double/oeildumandoul/oeildumandoul/oeildumandoul/server.php(21): require_once('/home/parfi7zhy...')
#29 {main}
"} 
[2022-03-12 01:40:12] local.ERROR: Please provide a valid cache path. {"exception":"[object] (InvalidArgumentException(code: 0): Please provide a valid cache path. at /home/parfi7zhy/Bureau/Double/oeildumandoul/oeildumandoul/oeildumandoul/vendor/laravel/framework/src/Illuminate/View/Compilers/Compiler.php:36)
[stacktrace]
#0 /home/parfi7zhy/Bureau/Double/oeildumandoul/oeildumandoul/oeildumandoul/vendor/laravel/framework/src/Illuminate/View/ViewServiceProvider.php(88): Illuminate\\View\\Compilers\\Compiler->__construct()
#1 /home/parfi7zhy/Bureau/Double/oeildumandoul/oeildumandoul/oeildumandoul/vendor/laravel/framework/src/Illuminate/Container/Container.php(873): Illuminate\\View\\ViewServiceProvider->Illuminate\\View\\{closure}()
#2 /home/parfi7zhy/Bureau/Double/oeildumandoul/oeildumandoul/oeildumandoul/vendor/laravel/framework/src/Illuminate/Container/Container.php(758): Illuminate\\Container\\Container->build()
#3 /home/parfi7zhy/Bureau/Double/oeildumandoul/oeildumandoul/oeildumandoul/vendor/laravel/framework/src/Illuminate/Foundation/Application.php(841): Illuminate\\Container\\Container->resolve()
#4 /home/parfi7zhy/Bureau/Double/oeildumandoul/oeildumandoul/oeildumandoul/vendor/laravel/framework/src/Illuminate/Container/Container.php(694): Illuminate\\Foundation\\Application->resolve()
#5 /home/parfi7zhy/Bureau/Double/oeildumandoul/oeildumandoul/oeildumandoul/vendor/laravel/framework/src/Illuminate/Foundation/Application.php(826): Illuminate\\Container\\Container->make()
#6 /home/parfi7zhy/Bureau/Double/oeildumandoul/oeildumandoul/oeildumandoul/vendor/laravel/framework/src/Illuminate/Container/Container.php(1423): Illuminate\\Foundation\\Application->make()
#7 /home/parfi7zhy/Bureau/Double/oeildumandoul/oeildumandoul/oeildumandoul/vendor/laravel/framework/src/Illuminate/View/ViewServiceProvider.php(150): Illuminate\\Container\\Container->offsetGet()
#8 [internal function]: Illuminate\\View\\ViewServiceProvider->Illuminate\\View\\{closure}()
#9 /home/parfi7zhy/Bureau/Double/oeildumandoul/oeildumandoul/oeildumandoul/vendor/laravel/framework/src/Illuminate/View/Engines/EngineResolver.php(55): call_user_func()
#10 /home/parfi7zhy/Bureau/Double/oeildumandoul/oeildumandoul/oeildumandoul/vendor/facade/ignition/src/IgnitionServiceProvider.php(461): Illuminate\\View\\Engines\\EngineResolver->resolve()
#11 /home/parfi7zhy/Bureau/Double/oeildumandoul/oeildumandoul/oeildumandoul/vendor/facade/ignition/src/IgnitionServiceProvider.php(155): Facade\\Ignition\\IgnitionServiceProvider->hasCustomViewEnginesRegistered()
#12 /home/parfi7zhy/Bureau/Double/oeildumandoul/oeildumandoul/oeildumandoul/vendor/facade/ignition/src/IgnitionServiceProvider.php(98): Facade\\Ignition\\IgnitionServiceProvider->registerViewEngines()
#13 /home/parfi7zhy/Bureau/Double/oeildumandoul/oeildumandoul/oeildumandoul/vendor/laravel/framework/src/Illuminate/Container/BoundMethod.php(36): Facade\\Ignition\\IgnitionServiceProvider->boot()
#14 /home/parfi7zhy/Bureau/Double/oeildumandoul/oeildumandoul/oeildumandoul/vendor/laravel/framework/src/Illuminate/Container/Util.php(40): Illuminate\\Container\\BoundMethod::Illuminate\\Container\\{closure}()
#15 /home/parfi7zhy/Bureau/Double/oeildumandoul/oeildumandoul/oeildumandoul/vendor/laravel/framework/src/Illuminate/Container/BoundMethod.php(93): Illuminate\\Container\\Util::unwrapIfClosure()
#16 /home/parfi7zhy/Bureau/Double/oeildumandoul/oeildumandoul/oeildumandoul/vendor/laravel/framework/src/Illuminate/Container/BoundMethod.php(37): Illuminate\\Container\\BoundMethod::callBoundMethod()
#17 /home/parfi7zhy/Bureau/Double/oeildumandoul/oeildumandoul/oeildumandoul/vendor/laravel/framework/src/Illuminate/Container/Container.php(653): Illuminate\\Container\\BoundMethod::call()
#18 /home/parfi7zhy/Bureau/Double/oeildumandoul/oeildumandoul/oeildumandoul/vendor/laravel/framework/src/Illuminate/Foundation/Application.php(914): Illuminate\\Container\\Container->call()
#19 /home/parfi7zhy/Bureau/Double/oeildumandoul/oeildumandoul/oeildumandoul/vendor/laravel/framework/src/Illuminate/Foundation/Application.php(895): Illuminate\\Foundation\\Application->bootProvider()
#20 [internal function]: Illuminate\\Foundation\\Application->Illuminate\\Foundation\\{closure}()
#21 /home/parfi7zhy/Bureau/Double/oeildumandoul/oeildumandoul/oeildumandoul/vendor/laravel/framework/src/Illuminate/Foundation/Application.php(896): array_walk()
#22 /home/parfi7zhy/Bureau/Double/oeildumandoul/oeildumandoul/oeildumandoul/vendor/laravel/framework/src/Illuminate/Foundation/Bootstrap/BootProviders.php(17): Illuminate\\Foundation\\Application->boot()
#23 /home/parfi7zhy/Bureau/Double/oeildumandoul/oeildumandoul/oeildumandoul/vendor/laravel/framework/src/Illuminate/Foundation/Application.php(237): Illuminate\\Foundation\\Bootstrap\\BootProviders->bootstrap()
#24 /home/parfi7zhy/Bureau/Double/oeildumandoul/oeildumandoul/oeildumandoul/vendor/laravel/framework/src/Illuminate/Foundation/Console/Kernel.php(310): Illuminate\\Foundation\\Application->bootstrapWith()
#25 /home/parfi7zhy/Bureau/Double/oeildumandoul/oeildumandoul/oeildumandoul/vendor/laravel/framework/src/Illuminate/Foundation/Console/Kernel.php(127): Illuminate\\Foundation\\Console\\Kernel->bootstrap()
#26 /home/parfi7zhy/Bureau/Double/oeildumandoul/oeildumandoul/oeildumandoul/artisan(37): Illuminate\\Foundation\\Console\\Kernel->handle()
#27 {main}
"} 
